[35m[Appium][39m Welcome to Appium v1.22.3
[35m[Appium][39m Non-default server args:
[35m[Appium][39m   port: 60860
[35m[Appium][39m   loglevel: info
[35m[Appium][39m   tmpDir: C:\Users\MAULAN~1.ANA\AppData\Local\Temp\\Katalon\Appium\Temp1683088504871
[35m[Appium][39m   chromedriverPort: 60861
[35m[Appium][39m Deprecated server args:
[35m[Appium][39m   [31m--chromedriver-port[39m => --default-capabilities
[35m[Appium][39m Default capabilities, which will be added to each request unless overridden by desired capabilities:
[35m[Appium][39m   chromedriverPort: 60861
[35m[Appium][39m Appium REST http interface listener started on 0.0.0.0:60860
[35m[HTTP][39m [37m-->[39m [37mGET[39m [37m/wd/hub/status[39m
[35m[HTTP][39m [90m{}[39m
[35m[HTTP][39m [37m<-- GET /wd/hub/status [39m[32m200[39m [90m4 ms - 68[39m
[35m[HTTP][39m [90m[39m
[35m[HTTP][39m [37m-->[39m [37mGET[39m [37m/wd/hub/status[39m
[35m[HTTP][39m [90m{}[39m
[35m[HTTP][39m [37m<-- GET /wd/hub/status [39m[32m200[39m [90m1 ms - 68[39m
[35m[HTTP][39m [90m[39m
[35m[HTTP][39m [37m-->[39m [37mPOST[39m [37m/wd/hub/session[39m
[35m[HTTP][39m [90m{"desiredCapabilities":{"appPackage":"com.android.settings","appWaitActivity":"*","deviceId":"4521a0a7","deviceName":"Xiaomi MI 8 (Android 10)","platform":"ANDROID","appActivity":".Settings","newCommandTimeout":1800,"platformVersion":"10","automationName":"uiautomator2","autoGrantPermissions":true,"platformName":"Android","udid":"4521a0a7","systemPort":8212},"capabilities":{"firstMatch":[{"appium:appActivity":".Settings","appium:appPackage":"com.android.settings","appium:appWaitActivity":"*","appium:autoGrantPermissions":true,"appium:automationName":"uiautomator2","deviceId":"4521a0a7","appium:deviceName":"Xiaomi MI 8 (Android 10)","appium:newCommandTimeout":1800,"platform":"ANDROID","platformName":"android","appium:platformVersion":"10","appium:systemPort":8212,"appium:udid":"4521a0a7"}]}}[39m
[35m[BaseDriver][39m The following capabilities are not standard capabilities and should have an extension prefix:
[35m[BaseDriver][39m   deviceId
[35m[BaseDriver][39m   platform
[35m[BaseDriver][39m   chromedriverPort
[35m[Appium][39m Appium v1.22.3 creating new AndroidUiautomator2Driver (v1.70.1) session
[35m[BaseDriver][39m The following capabilities were provided, but are not recognized by Appium:
[35m[BaseDriver][39m   deviceId
[35m[BaseDriver][39m   platform
[35m[BaseDriver][39m Session created with session id: ffdf8aa8-65a6-475d-b22a-0747ea448f10
[35m[UiAutomator2][39m Starting 'com.android.settings' directly on the device
[35m[ADB][39m Found 1 'build-tools' folders under 'C:\Users\maulana.anas\.katalon\tools\android_sdk' (newest first):
[35m[ADB][39m     C:/Users/maulana.anas/.katalon/tools/android_sdk/build-tools/29.0.3
[35m[ADB][39m Using 'adb.exe' from 'C:\Users\maulana.anas\.katalon\tools\android_sdk\platform-tools\adb.exe'
[35m[AndroidDriver][39m Retrieving device list
[35m[AndroidDriver][39m Using device: 4521a0a7
[35m[ADB][39m Using 'adb.exe' from 'C:\Users\maulana.anas\.katalon\tools\android_sdk\platform-tools\adb.exe'
[35m[ADB][39m Getting device platform version
[35m[UiAutomator2][39m Relaxing hidden api policy
[35m[AndroidDriver][39m No app sent in, not parsing package/activity
[35m[ADB][39m Using 'apksigner.jar' from 'C:\Users\maulana.anas\.katalon\tools\android_sdk\build-tools\29.0.3\lib\apksigner.jar'
[35m[ADB][39m 'C:\Users\maulana.anas\AppData\Roaming\npm\node_modules\appium\node_modules\appium-uiautomator2-server\apks\appium-uiautomator2-server-v4.27.0.apk' is signed with the default certificate
[35m[ADB][39m 'C:\Users\maulana.anas\AppData\Roaming\npm\node_modules\appium\node_modules\appium-uiautomator2-server\apks\appium-uiautomator2-server-debug-androidTest.apk' is signed with the default certificate
[35m[UiAutomator2][39m Server packages are not going to be (re)installed
[35m[ADB][39m Adding packages ["io.appium.settings","io.appium.uiautomator2.server","io.appium.uiautomator2.server.test"] to Doze whitelist
[35m[UiAutomator2][39m Starting UIAutomator2 server 4.27.0
[35m[UiAutomator2][39m Using UIAutomator2 server from 'C:\Users\maulana.anas\AppData\Roaming\npm\node_modules\appium\node_modules\appium-uiautomator2-server\apks\appium-uiautomator2-server-v4.27.0.apk' and test from 'C:\Users\maulana.anas\AppData\Roaming\npm\node_modules\appium\node_modules\appium-uiautomator2-server\apks\appium-uiautomator2-server-debug-androidTest.apk'
[35m[UiAutomator2][39m Waiting up to 30000ms for UiAutomator2 to be online...
[35m[WD Proxy][39m socket hang up
[35m[WD Proxy][39m socket hang up
[35m[WD Proxy][39m socket hang up
[35m[WD Proxy][39m Determined the downstream protocol as 'W3C'
[35m[AndroidDriver][39m Screen already unlocked, doing nothing
[35m[UiAutomator2][39m Starting 'com.android.settings/.Settings and waiting for 'com.android.settings/*'
[35m[Appium][39m New AndroidUiautomator2Driver session created successfully, session ffdf8aa8-65a6-475d-b22a-0747ea448f10 added to master session list
[35m[HTTP][39m [37m<-- POST /wd/hub/session [39m[32m200[39m [90m9421 ms - 1223[39m
[35m[HTTP][39m [90m[39m
[35m[HTTP][39m [37m-->[39m [37mGET[39m [37m/wd/hub/session/ffdf8aa8-65a6-475d-b22a-0747ea448f10[39m
[35m[HTTP][39m [90m{}[39m
[35m[HTTP][39m [37m<-- GET /wd/hub/session/ffdf8aa8-65a6-475d-b22a-0747ea448f10 [39m[32m200[39m [90m7 ms - 1177[39m
[35m[HTTP][39m [90m[39m
[35m[HTTP][39m [37m-->[39m [37mGET[39m [37m/wd/hub/session/ffdf8aa8-65a6-475d-b22a-0747ea448f10[39m
[35m[HTTP][39m [90m{}[39m
[35m[HTTP][39m [37m<-- GET /wd/hub/session/ffdf8aa8-65a6-475d-b22a-0747ea448f10 [39m[32m200[39m [90m7 ms - 1177[39m
[35m[HTTP][39m [90m[39m
[35m[HTTP][39m [37m-->[39m [37mGET[39m [37m/wd/hub/status[39m
[35m[HTTP][39m [90m{}[39m
[35m[HTTP][39m [37m<-- GET /wd/hub/status [39m[32m200[39m [90m0 ms - 68[39m
[35m[HTTP][39m [90m[39m
[35m[HTTP][39m [37m-->[39m [37mPOST[39m [37m/wd/hub/session/ffdf8aa8-65a6-475d-b22a-0747ea448f10/timeouts[39m
[35m[HTTP][39m [90m{"implicit":60000}[39m
[35m[HTTP][39m [37m<-- POST /wd/hub/session/ffdf8aa8-65a6-475d-b22a-0747ea448f10/timeouts [39m[32m200[39m [90m2 ms - 14[39m
[35m[HTTP][39m [90m[39m
[35m[HTTP][39m [37m-->[39m [37mGET[39m [37m/wd/hub/session/ffdf8aa8-65a6-475d-b22a-0747ea448f10/screenshot[39m
[35m[HTTP][39m [90m{}[39m
[35m[HTTP][39m [37m<-- GET /wd/hub/session/ffdf8aa8-65a6-475d-b22a-0747ea448f10/screenshot [39m[32m200[39m [90m588 ms - 171806[39m
[35m[HTTP][39m [90m[39m
[35m[HTTP][39m [37m-->[39m [37mGET[39m [37m/wd/hub/session/ffdf8aa8-65a6-475d-b22a-0747ea448f10/window/rect[39m
[35m[HTTP][39m [90m{}[39m
[35m[HTTP][39m [37m<-- GET /wd/hub/session/ffdf8aa8-65a6-475d-b22a-0747ea448f10/window/rect [39m[32m200[39m [90m15 ms - 50[39m
[35m[HTTP][39m [90m[39m
[35m[HTTP][39m [37m-->[39m [37mGET[39m [37m/wd/hub/session/ffdf8aa8-65a6-475d-b22a-0747ea448f10/appium/device/system_bars[39m
[35m[HTTP][39m [90m{}[39m
[35m[HTTP][39m [37m<-- GET /wd/hub/session/ffdf8aa8-65a6-475d-b22a-0747ea448f10/appium/device/system_bars [39m[32m200[39m [90m134 ms - 147[39m
[35m[HTTP][39m [90m[39m
[35m[HTTP][39m [37m-->[39m [37mPOST[39m [37m/wd/hub/session/ffdf8aa8-65a6-475d-b22a-0747ea448f10/appium/device/activate_app[39m
[35m[HTTP][39m [90m{"bundleId":"surplus.surplus_apps_customer"}[39m
[35m[HTTP][39m [37m<-- POST /wd/hub/session/ffdf8aa8-65a6-475d-b22a-0747ea448f10/appium/device/activate_app [39m[32m200[39m [90m549 ms - 14[39m
[35m[HTTP][39m [90m[39m
[35m[HTTP][39m [37m-->[39m [37mGET[39m [37m/wd/hub/session/ffdf8aa8-65a6-475d-b22a-0747ea448f10/source[39m
[35m[HTTP][39m [90m{}[39m
[35m[W3C (ffdf8aa8)][39m Driver proxy active, passing request on via HTTP proxy
[35m[WD Proxy][39m Replacing sessionId 3482e22d-6a26-46a7-a469-d6fe6bcc49bd with ffdf8aa8-65a6-475d-b22a-0747ea448f10
[35m[HTTP][39m [37m<-- GET /wd/hub/session/ffdf8aa8-65a6-475d-b22a-0747ea448f10/source [39m[32m200[39m [90m759 ms - 34362[39m
[35m[HTTP][39m [90m[39m
[35m[HTTP][39m [37m-->[39m [37mGET[39m [37m/wd/hub/session/ffdf8aa8-65a6-475d-b22a-0747ea448f10/screenshot[39m
[35m[HTTP][39m [90m{}[39m
[35m[HTTP][39m [37m<-- GET /wd/hub/session/ffdf8aa8-65a6-475d-b22a-0747ea448f10/screenshot [39m[32m200[39m [90m528 ms - 143922[39m
[35m[HTTP][39m [90m[39m
[35m[HTTP][39m [37m-->[39m [37mPOST[39m [37m/wd/hub/session/ffdf8aa8-65a6-475d-b22a-0747ea448f10/elements[39m
[35m[HTTP][39m [90m{"using":"xpath","value":"//*[@class = 'android.widget.TextView' and (@text = 'Qty : 5' or . = 'Qty : 5')]"}[39m
[35m[HTTP][39m [37m<-- POST /wd/hub/session/ffdf8aa8-65a6-475d-b22a-0747ea448f10/elements [39m[32m200[39m [90m459 ms - 139[39m
[35m[HTTP][39m [90m[39m
[35m[HTTP][39m [37m-->[39m [37mDELETE[39m [37m/wd/hub/session/ffdf8aa8-65a6-475d-b22a-0747ea448f10[39m
[35m[HTTP][39m [90m{}[39m
[35m[Appium][39m Removing session ffdf8aa8-65a6-475d-b22a-0747ea448f10 from our master session list
[35m[UiAutomator2][39m Restoring hidden api policy to the device default configuration
[35m[HTTP][39m [37m<-- DELETE /wd/hub/session/ffdf8aa8-65a6-475d-b22a-0747ea448f10 [39m[32m200[39m [90m412 ms - 14[39m
[35m[HTTP][39m [90m[39m
